This is TeX, Version 3.1415926 (TeX Live 2013) (format=tex 2013.5.30)  17 MAR 2014 06:20
**gooegb-drv.tex
(./gooegb-drv.tex
(/usr/local/texlive/2013/texmf-dist/tex/fontinst/base/fontinst.sty
\a_count=\count26
\b_count=\count27
\c_count=\count28
\d_count=\count29
\e_count=\count30
\f_count=\count31
\g_count=\count32
\a_dimen=\dimen16
\b_dimen=\dimen17
\c_dimen=\dimen18
\d_dimen=\dimen19
\a_toks=\toks12
\b_toks=\toks13
\c_toks=\toks14
\out_file=\write0
\half_point=\dimen20
\result=\count33
\slot_number=\count34
\glyph_width=\count35
\glyph_height=\count36
\glyph_depth=\count37
\glyph_italic=\count38
\glyph_map_commands=\toks15
\glyph_map_fonts=\toks16
\glyph_voffset=\count39
\glyph_maxhpos=\count40
\mapfont_scaling=\dimen21
\rawfont_scaling=\dimen22
\side_bearings=\dimen23
\curr_bearings=\dimen24
\font_count=\count41
\next_mapfont=\count42
\prev_mapfont=\count43
\family_toks=\toks17
\minimum_kern=\count44
\afm_unit_dimen=\dimen25
\char_slot=\count45
\char_x_width=\count46
\x_width=\count47
\bbox_llx=\count48
\bbox_lly=\count49
\bbox_urx=\count50
\bbox_ury=\count51
\command_survivance=\count52

No file fontinst.rc.
)
INFO> parse family <goo><mf>
INFO> to make LaTeX font shape <goomf,m,n,> seek goormf8r.mtx
INFO> to make LaTeX font shape <goomf,m,sc,> seek goorcmf8r.mtx
INFO> to make LaTeX font shape <goomf,m,sl,> seek gooromf8r.mtx
INFO> to make LaTeX font shape <goomf,m,it,> seek goorimf8r.mtx
INFO> to make LaTeX font shape <goomf,m,n,c> seek goormf8rn.mtx
INFO> to make LaTeX font shape <goomf,m,sc,c> seek goorcmf8rn.mtx
INFO> to make LaTeX font shape <goomf,m,sl,c> seek gooromf8rn.mtx
INFO> to make LaTeX font shape <goomf,m,it,c> seek goorimf8rn.mtx
INFO> to make LaTeX font shape <goomf,m,n,> seek gookmf8r.mtx
INFO> to make LaTeX font shape <goomf,m,sc,> seek gookcmf8r.mtx
INFO> to make LaTeX font shape <goomf,m,sl,> seek gookomf8r.mtx
INFO> to make LaTeX font shape <goomf,m,it,> seek gookimf8r.mtx
INFO> to make LaTeX font shape <goomf,m,n,c> seek gookmf8rn.mtx
INFO> to make LaTeX font shape <goomf,m,sc,c> seek gookcmf8rn.mtx
INFO> to make LaTeX font shape <goomf,m,sl,c> seek gookomf8rn.mtx
INFO> to make LaTeX font shape <goomf,m,it,c> seek gookimf8rn.mtx
INFO> to make LaTeX font shape <goomf,b,n,> seek goobmf8r.mtx
INFO> to make LaTeX font shape <goomf,b,sc,> seek goobcmf8r.mtx
INFO> to make LaTeX font shape <goomf,b,sl,> seek goobomf8r.mtx
INFO> to make LaTeX font shape <goomf,b,it,> seek goobimf8r.mtx
INFO> to make LaTeX font shape <goomf,b,n,c> seek goobmf8rn.mtx
INFO> to make LaTeX font shape <goomf,b,sc,c> seek goobcmf8rn.mtx
INFO> to make LaTeX font shape <goomf,b,sl,c> seek goobomf8rn.mtx
INFO> to make LaTeX font shape <goomf,b,it,c> seek goobimf8rn.mtx
INFO> to make LaTeX font shape <goomf,sb,n,> seek goosmf8r.mtx
INFO> to make LaTeX font shape <goomf,sb,sc,> seek gooscmf8r.mtx
INFO> to make LaTeX font shape <goomf,sb,sl,> seek goosomf8r.mtx
INFO> to make LaTeX font shape <goomf,sb,it,> seek goosimf8r.mtx
INFO> to make LaTeX font shape <goomf,sb,n,c> seek goosmf8rn.mtx
INFO> to make LaTeX font shape <goomf,sb,sc,c> seek gooscmf8rn.mtx
INFO> to make LaTeX font shape <goomf,sb,sl,c> seek goosomf8rn.mtx
INFO> to make LaTeX font shape <goomf,sb,it,c> seek goosimf8rn.mtx
INFO> to make LaTeX font shape <goomf,db,n,> seek goodmf8r.mtx
INFO> to make LaTeX font shape <goomf,db,sc,> seek goodcmf8r.mtx
INFO> to make LaTeX font shape <goomf,db,sl,> seek goodomf8r.mtx
INFO> to make LaTeX font shape <goomf,db,it,> seek goodimf8r.mtx
INFO> to make LaTeX font shape <goomf,db,n,c> seek goodmf8rn.mtx
INFO> to make LaTeX font shape <goomf,db,sc,c> seek goodcmf8rn.mtx
INFO> to make LaTeX font shape <goomf,db,sl,c> seek goodomf8rn.mtx
INFO> to make LaTeX font shape <goomf,db,it,c> seek goodimf8rn.mtx
INFO> to make LaTeX font shape <goomf,mb,n,> seek goommf8r.mtx
INFO> to make LaTeX font shape <goomf,mb,sc,> seek goomcmf8r.mtx
INFO> to make LaTeX font shape <goomf,mb,sl,> seek goomomf8r.mtx
INFO> to make LaTeX font shape <goomf,mb,it,> seek goomimf8r.mtx
INFO> to make LaTeX font shape <goomf,mb,n,c> seek goommf8rn.mtx
INFO> to make LaTeX font shape <goomf,mb,sc,c> seek goomcmf8rn.mtx
INFO> to make LaTeX font shape <goomf,mb,sl,c> seek goomomf8rn.mtx
INFO> to make LaTeX font shape <goomf,mb,it,c> seek goomimf8rn.mtx
INFO> to make LaTeX font shape <goomf,eb,n,> seek goocmf8r.mtx
INFO> to make LaTeX font shape <goomf,eb,sc,> seek gooccmf8r.mtx
INFO> to make LaTeX font shape <goomf,eb,sl,> seek goocomf8r.mtx
INFO> to make LaTeX font shape <goomf,eb,it,> seek goocimf8r.mtx
INFO> to make LaTeX font shape <goomf,eb,n,c> seek goocmf8rn.mtx
INFO> to make LaTeX font shape <goomf,eb,sc,c> seek gooccmf8rn.mtx
INFO> to make LaTeX font shape <goomf,eb,sl,c> seek goocomf8rn.mtx
INFO> to make LaTeX font shape <goomf,eb,it,c> seek goocimf8rn.mtx
INFO> to make LaTeX font shape <goomf,eb,n,> seek goohmf8r.mtx
INFO> to make LaTeX font shape <goomf,eb,sc,> seek goohcmf8r.mtx
INFO> to make LaTeX font shape <goomf,eb,sl,> seek goohomf8r.mtx
INFO> to make LaTeX font shape <goomf,eb,it,> seek goohimf8r.mtx
INFO> to make LaTeX font shape <goomf,eb,n,c> seek goohmf8rn.mtx
INFO> to make LaTeX font shape <goomf,eb,sc,c> seek goohcmf8rn.mtx
INFO> to make LaTeX font shape <goomf,eb,sl,c> seek goohomf8rn.mtx
INFO> to make LaTeX font shape <goomf,eb,it,c> seek goohimf8rn.mtx
INFO> to make LaTeX font shape <goomf,eb,n,> seek gooxmf8r.mtx
INFO> to make LaTeX font shape <goomf,eb,sc,> seek gooxcmf8r.mtx
INFO> to make LaTeX font shape <goomf,eb,sl,> seek gooxomf8r.mtx
INFO> to make LaTeX font shape <goomf,eb,it,> seek gooximf8r.mtx
INFO> to make LaTeX font shape <goomf,eb,n,c> seek gooxmf8rn.mtx
INFO> to make LaTeX font shape <goomf,eb,sc,c> seek gooxcmf8rn.mtx
INFO> to make LaTeX font shape <goomf,eb,sl,c> seek gooxomf8rn.mtx
INFO> to make LaTeX font shape <goomf,eb,it,c> seek gooximf8rn.mtx
INFO> to make LaTeX font shape <goomf,ub,n,> seek gooumf8r.mtx
INFO> to make LaTeX font shape <goomf,ub,sc,> seek gooucmf8r.mtx
INFO> to make LaTeX font shape <goomf,ub,sl,> seek goouomf8r.mtx
INFO> to make LaTeX font shape <goomf,ub,it,> seek goouimf8r.mtx
INFO> to make LaTeX font shape <goomf,ub,n,c> seek gooumf8rn.mtx
INFO> to make LaTeX font shape <goomf,ub,sc,c> seek gooucmf8rn.mtx
INFO> to make LaTeX font shape <goomf,ub,sl,c> seek goouomf8rn.mtx
INFO> to make LaTeX font shape <goomf,ub,it,c> seek goouimf8rn.mtx
INFO> to make LaTeX font shape <goomf,l,n,> seek goolmf8r.mtx
INFO> to make LaTeX font shape <goomf,l,sc,> seek goolcmf8r.mtx
INFO> to make LaTeX font shape <goomf,l,sl,> seek goolomf8r.mtx
INFO> to make LaTeX font shape <goomf,l,it,> seek goolimf8r.mtx
INFO> to make LaTeX font shape <goomf,l,n,c> seek goolmf8rn.mtx
INFO> to make LaTeX font shape <goomf,l,sc,c> seek goolcmf8rn.mtx
INFO> to make LaTeX font shape <goomf,l,sl,c> seek goolomf8rn.mtx
INFO> to make LaTeX font shape <goomf,l,it,c> seek goolimf8rn.mtx
\openout0 = `8rgoomf.fd'.

Font definitions written on 8rgoomf.fd.
\openout0 = `ot1goomf.fd'.

Font definitions written on ot1goomf.fd.
\openout0 = `t1goomf.fd'.

Font definitions written on t1goomf.fd.
\openout0 = `ts1goomf.fd'.

Font definitions written on ts1goomf.fd.
 )
No pages of output.
